<?xml version="1.0" encoding="UTF-8"?>
<testsuite xmlns:xsi="http://www.w3.org/2001/XMLSchema-instance" xsi:noNamespaceSchemaLocation="https://maven.apache.org/surefire/maven-surefire-plugin/xsd/surefire-test-report.xsd" name="tn.esprit.SkiStationProject.services.CoursesServicesImplTest" time="4.007" tests="4" errors="0" skipped="0" failures="2">
  <properties>
    <property name="sun.desktop" value="gnome"/>
    <property name="awt.toolkit" value="sun.awt.X11.XToolkit"/>
    <property name="java.specification.version" value="11"/>
    <property name="sun.cpu.isalist" value=""/>
    <property name="sun.jnu.encoding" value="UTF-8"/>
    <property name="java.class.path" value="/home/louay/Desktop/Devops/target/test-classes:/home/louay/Desktop/Devops/target/classes:/home/louay/.m2/repository/org/springframework/boot/spring-boot-starter-data-jpa/2.7.8/spring-boot-starter-data-jpa-2.7.8.jar:/home/louay/.m2/repository/org/springframework/boot/spring-boot-starter-aop/2.7.8/spring-boot-starter-aop-2.7.8.jar:/home/louay/.m2/repository/org/springframework/spring-aop/5.3.25/spring-aop-5.3.25.jar:/home/louay/.m2/repository/org/aspectj/aspectjweaver/1.9.7/aspectjweaver-1.9.7.jar:/home/louay/.m2/repository/org/springframework/boot/spring-boot-starter-jdbc/2.7.8/spring-boot-starter-jdbc-2.7.8.jar:/home/louay/.m2/repository/com/zaxxer/HikariCP/4.0.3/HikariCP-4.0.3.jar:/home/louay/.m2/repository/org/springframework/spring-jdbc/5.3.25/spring-jdbc-5.3.25.jar:/home/louay/.m2/repository/jakarta/transaction/jakarta.transaction-api/1.3.3/jakarta.transaction-api-1.3.3.jar:/home/louay/.m2/repository/jakarta/persistence/jakarta.persistence-api/2.2.3/jakarta.persistence-api-2.2.3.jar:/home/louay/.m2/repository/org/hibernate/hibernate-core/5.6.14.Final/hibernate-core-5.6.14.Final.jar:/home/louay/.m2/repository/org/jboss/logging/jboss-logging/3.4.3.Final/jboss-logging-3.4.3.Final.jar:/home/louay/.m2/repository/net/bytebuddy/byte-buddy/1.12.22/byte-buddy-1.12.22.jar:/home/louay/.m2/repository/antlr/antlr/2.7.7/antlr-2.7.7.jar:/home/louay/.m2/repository/org/jboss/jandex/2.4.2.Final/jandex-2.4.2.Final.jar:/home/louay/.m2/repository/com/fasterxml/classmate/1.5.1/classmate-1.5.1.jar:/home/louay/.m2/repository/org/hibernate/common/hibernate-commons-annotations/5.1.2.Final/hibernate-commons-annotations-5.1.2.Final.jar:/home/louay/.m2/repository/org/glassfish/jaxb/jaxb-runtime/2.3.7/jaxb-runtime-2.3.7.jar:/home/louay/.m2/repository/org/glassfish/jaxb/txw2/2.3.7/txw2-2.3.7.jar:/home/louay/.m2/repository/com/sun/istack/istack-commons-runtime/3.0.12/istack-commons-runtime-3.0.12.jar:/home/louay/.m2/repository/com/sun/activation/jakarta.activation/1.2.2/jakarta.activation-1.2.2.jar:/home/louay/.m2/repository/org/springframework/data/spring-data-jpa/2.7.7/spring-data-jpa-2.7.7.jar:/home/louay/.m2/repository/org/springframework/data/spring-data-commons/2.7.7/spring-data-commons-2.7.7.jar:/home/louay/.m2/repository/org/springframework/spring-orm/5.3.25/spring-orm-5.3.25.jar:/home/louay/.m2/repository/org/springframework/spring-context/5.3.25/spring-context-5.3.25.jar:/home/louay/.m2/repository/org/springframework/spring-tx/5.3.25/spring-tx-5.3.25.jar:/home/louay/.m2/repository/org/springframework/spring-beans/5.3.25/spring-beans-5.3.25.jar:/home/louay/.m2/repository/org/slf4j/slf4j-api/1.7.36/slf4j-api-1.7.36.jar:/home/louay/.m2/repository/org/springframework/spring-aspects/5.3.25/spring-aspects-5.3.25.jar:/home/louay/.m2/repository/org/springframework/boot/spring-boot-starter-web/2.7.8/spring-boot-starter-web-2.7.8.jar:/home/louay/.m2/repository/org/springframework/boot/spring-boot-starter/2.7.8/spring-boot-starter-2.7.8.jar:/home/louay/.m2/repository/org/springframework/boot/spring-boot/2.7.8/spring-boot-2.7.8.jar:/home/louay/.m2/repository/org/springframework/boot/spring-boot-autoconfigure/2.7.8/spring-boot-autoconfigure-2.7.8.jar:/home/louay/.m2/repository/org/springframework/boot/spring-boot-starter-logging/2.7.8/spring-boot-starter-logging-2.7.8.jar:/home/louay/.m2/repository/ch/qos/logback/logback-classic/1.2.11/logback-classic-1.2.11.jar:/home/louay/.m2/repository/ch/qos/logback/logback-core/1.2.11/logback-core-1.2.11.jar:/home/louay/.m2/repository/org/apache/logging/log4j/log4j-to-slf4j/2.17.2/log4j-to-slf4j-2.17.2.jar:/home/louay/.m2/repository/org/apache/logging/log4j/log4j-api/2.17.2/log4j-api-2.17.2.jar:/home/louay/.m2/repository/org/slf4j/jul-to-slf4j/1.7.36/jul-to-slf4j-1.7.36.jar:/home/louay/.m2/repository/jakarta/annotation/jakarta.annotation-api/1.3.5/jakarta.annotation-api-1.3.5.jar:/home/louay/.m2/repository/org/yaml/snakeyaml/1.30/snakeyaml-1.30.jar:/home/louay/.m2/repository/org/springframework/boot/spring-boot-starter-json/2.7.8/spring-boot-starter-json-2.7.8.jar:/home/louay/.m2/repository/com/fasterxml/jackson/core/jackson-databind/2.13.4.2/jackson-databind-2.13.4.2.jar:/home/louay/.m2/repository/com/fasterxml/jackson/core/jackson-annotations/2.13.4/jackson-annotations-2.13.4.jar:/home/louay/.m2/repository/com/fasterxml/jackson/datatype/jackson-datatype-jdk8/2.13.4/jackson-datatype-jdk8-2.13.4.jar:/home/louay/.m2/repository/com/fasterxml/jackson/datatype/jackson-datatype-jsr310/2.13.4/jackson-datatype-jsr310-2.13.4.jar:/home/louay/.m2/repository/com/fasterxml/jackson/module/jackson-module-parameter-names/2.13.4/jackson-module-parameter-names-2.13.4.jar:/home/louay/.m2/repository/org/springframework/boot/spring-boot-starter-tomcat/2.7.8/spring-boot-starter-tomcat-2.7.8.jar:/home/louay/.m2/repository/org/apache/tomcat/embed/tomcat-embed-core/9.0.71/tomcat-embed-core-9.0.71.jar:/home/louay/.m2/repository/org/apache/tomcat/embed/tomcat-embed-el/9.0.71/tomcat-embed-el-9.0.71.jar:/home/louay/.m2/repository/org/apache/tomcat/embed/tomcat-embed-websocket/9.0.71/tomcat-embed-websocket-9.0.71.jar:/home/louay/.m2/repository/org/springframework/spring-web/5.3.25/spring-web-5.3.25.jar:/home/louay/.m2/repository/org/springframework/spring-webmvc/5.3.25/spring-webmvc-5.3.25.jar:/home/louay/.m2/repository/org/springframework/spring-expression/5.3.25/spring-expression-5.3.25.jar:/home/louay/.m2/repository/com/mysql/mysql-connector-j/8.0.32/mysql-connector-j-8.0.32.jar:/home/louay/.m2/repository/org/projectlombok/lombok/1.18.24/lombok-1.18.24.jar:/home/louay/.m2/repository/org/springframework/boot/spring-boot-starter-test/2.7.8/spring-boot-starter-test-2.7.8.jar:/home/louay/.m2/repository/org/springframework/boot/spring-boot-test/2.7.8/spring-boot-test-2.7.8.jar:/home/louay/.m2/repository/org/springframework/boot/spring-boot-test-autoconfigure/2.7.8/spring-boot-test-autoconfigure-2.7.8.jar:/home/louay/.m2/repository/com/jayway/jsonpath/json-path/2.7.0/json-path-2.7.0.jar:/home/louay/.m2/repository/net/minidev/json-smart/2.4.8/json-smart-2.4.8.jar:/home/louay/.m2/repository/net/minidev/accessors-smart/2.4.8/accessors-smart-2.4.8.jar:/home/louay/.m2/repository/org/ow2/asm/asm/9.1/asm-9.1.jar:/home/louay/.m2/repository/jakarta/xml/bind/jakarta.xml.bind-api/2.3.3/jakarta.xml.bind-api-2.3.3.jar:/home/louay/.m2/repository/jakarta/activation/jakarta.activation-api/1.2.2/jakarta.activation-api-1.2.2.jar:/home/louay/.m2/repository/org/assertj/assertj-core/3.22.0/assertj-core-3.22.0.jar:/home/louay/.m2/repository/org/hamcrest/hamcrest/2.2/hamcrest-2.2.jar:/home/louay/.m2/repository/org/junit/jupiter/junit-jupiter/5.8.2/junit-jupiter-5.8.2.jar:/home/louay/.m2/repository/org/junit/jupiter/junit-jupiter-api/5.8.2/junit-jupiter-api-5.8.2.jar:/home/louay/.m2/repository/org/opentest4j/opentest4j/1.2.0/opentest4j-1.2.0.jar:/home/louay/.m2/repository/org/junit/platform/junit-platform-commons/1.8.2/junit-platform-commons-1.8.2.jar:/home/louay/.m2/repository/org/apiguardian/apiguardian-api/1.1.2/apiguardian-api-1.1.2.jar:/home/louay/.m2/repository/org/junit/jupiter/junit-jupiter-params/5.8.2/junit-jupiter-params-5.8.2.jar:/home/louay/.m2/repository/org/junit/jupiter/junit-jupiter-engine/5.8.2/junit-jupiter-engine-5.8.2.jar:/home/louay/.m2/repository/org/junit/platform/junit-platform-engine/1.8.2/junit-platform-engine-1.8.2.jar:/home/louay/.m2/repository/org/mockito/mockito-core/4.5.1/mockito-core-4.5.1.jar:/home/louay/.m2/repository/net/bytebuddy/byte-buddy-agent/1.12.22/byte-buddy-agent-1.12.22.jar:/home/louay/.m2/repository/org/objenesis/objenesis/3.2/objenesis-3.2.jar:/home/louay/.m2/repository/org/mockito/mockito-junit-jupiter/4.5.1/mockito-junit-jupiter-4.5.1.jar:/home/louay/.m2/repository/org/skyscreamer/jsonassert/1.5.1/jsonassert-1.5.1.jar:/home/louay/.m2/repository/com/vaadin/external/google/android-json/0.0.20131108.vaadin1/android-json-0.0.20131108.vaadin1.jar:/home/louay/.m2/repository/org/springframework/spring-core/5.3.25/spring-core-5.3.25.jar:/home/louay/.m2/repository/org/springframework/spring-jcl/5.3.25/spring-jcl-5.3.25.jar:/home/louay/.m2/repository/org/springframework/spring-test/5.3.25/spring-test-5.3.25.jar:/home/louay/.m2/repository/org/xmlunit/xmlunit-core/2.9.1/xmlunit-core-2.9.1.jar:/home/louay/.m2/repository/org/springdoc/springdoc-openapi-ui/1.6.9/springdoc-openapi-ui-1.6.9.jar:/home/louay/.m2/repository/org/springdoc/springdoc-openapi-webmvc-core/1.6.9/springdoc-openapi-webmvc-core-1.6.9.jar:/home/louay/.m2/repository/org/springdoc/springdoc-openapi-common/1.6.9/springdoc-openapi-common-1.6.9.jar:/home/louay/.m2/repository/io/swagger/core/v3/swagger-core/2.2.0/swagger-core-2.2.0.jar:/home/louay/.m2/repository/org/apache/commons/commons-lang3/3.12.0/commons-lang3-3.12.0.jar:/home/louay/.m2/repository/com/fasterxml/jackson/dataformat/jackson-dataformat-yaml/2.13.4/jackson-dataformat-yaml-2.13.4.jar:/home/louay/.m2/repository/io/swagger/core/v3/swagger-annotations/2.2.0/swagger-annotations-2.2.0.jar:/home/louay/.m2/repository/io/swagger/core/v3/swagger-models/2.2.0/swagger-models-2.2.0.jar:/home/louay/.m2/repository/jakarta/validation/jakarta.validation-api/2.0.2/jakarta.validation-api-2.0.2.jar:/home/louay/.m2/repository/org/webjars/swagger-ui/4.11.1/swagger-ui-4.11.1.jar:/home/louay/.m2/repository/org/webjars/webjars-locator-core/0.50/webjars-locator-core-0.50.jar:/home/louay/.m2/repository/com/fasterxml/jackson/core/jackson-core/2.13.4/jackson-core-2.13.4.jar:/home/louay/.m2/repository/io/github/classgraph/classgraph/4.8.147/classgraph-4.8.147.jar:"/>
    <property name="java.vm.vendor" value="Ubuntu"/>
    <property name="sun.arch.data.model" value="64"/>
    <property name="java.vendor.url" value="https://ubuntu.com/"/>
    <property name="user.timezone" value=""/>
    <property name="java.vm.specification.version" value="11"/>
    <property name="os.name" value="Linux"/>
    <property name="sun.java.launcher" value="SUN_STANDARD"/>
    <property name="user.country" value="US"/>
    <property name="sun.boot.library.path" value="/usr/lib/jvm/java-11-openjdk-amd64/lib"/>
    <property name="sun.java.command" value="/home/louay/Desktop/Devops/target/surefire/surefirebooter9844289019694180038.jar /home/louay/Desktop/Devops/target/surefire 2023-10-25T13-27-12_256-jvmRun1 surefire9921129257974554893tmp surefire_01120596933107141039tmp"/>
    <property name="jdk.debug" value="release"/>
    <property name="surefire.test.class.path" value="/home/louay/Desktop/Devops/target/test-classes:/home/louay/Desktop/Devops/target/classes:/home/louay/.m2/repository/org/springframework/boot/spring-boot-starter-data-jpa/2.7.8/spring-boot-starter-data-jpa-2.7.8.jar:/home/louay/.m2/repository/org/springframework/boot/spring-boot-starter-aop/2.7.8/spring-boot-starter-aop-2.7.8.jar:/home/louay/.m2/repository/org/springframework/spring-aop/5.3.25/spring-aop-5.3.25.jar:/home/louay/.m2/repository/org/aspectj/aspectjweaver/1.9.7/aspectjweaver-1.9.7.jar:/home/louay/.m2/repository/org/springframework/boot/spring-boot-starter-jdbc/2.7.8/spring-boot-starter-jdbc-2.7.8.jar:/home/louay/.m2/repository/com/zaxxer/HikariCP/4.0.3/HikariCP-4.0.3.jar:/home/louay/.m2/repository/org/springframework/spring-jdbc/5.3.25/spring-jdbc-5.3.25.jar:/home/louay/.m2/repository/jakarta/transaction/jakarta.transaction-api/1.3.3/jakarta.transaction-api-1.3.3.jar:/home/louay/.m2/repository/jakarta/persistence/jakarta.persistence-api/2.2.3/jakarta.persistence-api-2.2.3.jar:/home/louay/.m2/repository/org/hibernate/hibernate-core/5.6.14.Final/hibernate-core-5.6.14.Final.jar:/home/louay/.m2/repository/org/jboss/logging/jboss-logging/3.4.3.Final/jboss-logging-3.4.3.Final.jar:/home/louay/.m2/repository/net/bytebuddy/byte-buddy/1.12.22/byte-buddy-1.12.22.jar:/home/louay/.m2/repository/antlr/antlr/2.7.7/antlr-2.7.7.jar:/home/louay/.m2/repository/org/jboss/jandex/2.4.2.Final/jandex-2.4.2.Final.jar:/home/louay/.m2/repository/com/fasterxml/classmate/1.5.1/classmate-1.5.1.jar:/home/louay/.m2/repository/org/hibernate/common/hibernate-commons-annotations/5.1.2.Final/hibernate-commons-annotations-5.1.2.Final.jar:/home/louay/.m2/repository/org/glassfish/jaxb/jaxb-runtime/2.3.7/jaxb-runtime-2.3.7.jar:/home/louay/.m2/repository/org/glassfish/jaxb/txw2/2.3.7/txw2-2.3.7.jar:/home/louay/.m2/repository/com/sun/istack/istack-commons-runtime/3.0.12/istack-commons-runtime-3.0.12.jar:/home/louay/.m2/repository/com/sun/activation/jakarta.activation/1.2.2/jakarta.activation-1.2.2.jar:/home/louay/.m2/repository/org/springframework/data/spring-data-jpa/2.7.7/spring-data-jpa-2.7.7.jar:/home/louay/.m2/repository/org/springframework/data/spring-data-commons/2.7.7/spring-data-commons-2.7.7.jar:/home/louay/.m2/repository/org/springframework/spring-orm/5.3.25/spring-orm-5.3.25.jar:/home/louay/.m2/repository/org/springframework/spring-context/5.3.25/spring-context-5.3.25.jar:/home/louay/.m2/repository/org/springframework/spring-tx/5.3.25/spring-tx-5.3.25.jar:/home/louay/.m2/repository/org/springframework/spring-beans/5.3.25/spring-beans-5.3.25.jar:/home/louay/.m2/repository/org/slf4j/slf4j-api/1.7.36/slf4j-api-1.7.36.jar:/home/louay/.m2/repository/org/springframework/spring-aspects/5.3.25/spring-aspects-5.3.25.jar:/home/louay/.m2/repository/org/springframework/boot/spring-boot-starter-web/2.7.8/spring-boot-starter-web-2.7.8.jar:/home/louay/.m2/repository/org/springframework/boot/spring-boot-starter/2.7.8/spring-boot-starter-2.7.8.jar:/home/louay/.m2/repository/org/springframework/boot/spring-boot/2.7.8/spring-boot-2.7.8.jar:/home/louay/.m2/repository/org/springframework/boot/spring-boot-autoconfigure/2.7.8/spring-boot-autoconfigure-2.7.8.jar:/home/louay/.m2/repository/org/springframework/boot/spring-boot-starter-logging/2.7.8/spring-boot-starter-logging-2.7.8.jar:/home/louay/.m2/repository/ch/qos/logback/logback-classic/1.2.11/logback-classic-1.2.11.jar:/home/louay/.m2/repository/ch/qos/logback/logback-core/1.2.11/logback-core-1.2.11.jar:/home/louay/.m2/repository/org/apache/logging/log4j/log4j-to-slf4j/2.17.2/log4j-to-slf4j-2.17.2.jar:/home/louay/.m2/repository/org/apache/logging/log4j/log4j-api/2.17.2/log4j-api-2.17.2.jar:/home/louay/.m2/repository/org/slf4j/jul-to-slf4j/1.7.36/jul-to-slf4j-1.7.36.jar:/home/louay/.m2/repository/jakarta/annotation/jakarta.annotation-api/1.3.5/jakarta.annotation-api-1.3.5.jar:/home/louay/.m2/repository/org/yaml/snakeyaml/1.30/snakeyaml-1.30.jar:/home/louay/.m2/repository/org/springframework/boot/spring-boot-starter-json/2.7.8/spring-boot-starter-json-2.7.8.jar:/home/louay/.m2/repository/com/fasterxml/jackson/core/jackson-databind/2.13.4.2/jackson-databind-2.13.4.2.jar:/home/louay/.m2/repository/com/fasterxml/jackson/core/jackson-annotations/2.13.4/jackson-annotations-2.13.4.jar:/home/louay/.m2/repository/com/fasterxml/jackson/datatype/jackson-datatype-jdk8/2.13.4/jackson-datatype-jdk8-2.13.4.jar:/home/louay/.m2/repository/com/fasterxml/jackson/datatype/jackson-datatype-jsr310/2.13.4/jackson-datatype-jsr310-2.13.4.jar:/home/louay/.m2/repository/com/fasterxml/jackson/module/jackson-module-parameter-names/2.13.4/jackson-module-parameter-names-2.13.4.jar:/home/louay/.m2/repository/org/springframework/boot/spring-boot-starter-tomcat/2.7.8/spring-boot-starter-tomcat-2.7.8.jar:/home/louay/.m2/repository/org/apache/tomcat/embed/tomcat-embed-core/9.0.71/tomcat-embed-core-9.0.71.jar:/home/louay/.m2/repository/org/apache/tomcat/embed/tomcat-embed-el/9.0.71/tomcat-embed-el-9.0.71.jar:/home/louay/.m2/repository/org/apache/tomcat/embed/tomcat-embed-websocket/9.0.71/tomcat-embed-websocket-9.0.71.jar:/home/louay/.m2/repository/org/springframework/spring-web/5.3.25/spring-web-5.3.25.jar:/home/louay/.m2/repository/org/springframework/spring-webmvc/5.3.25/spring-webmvc-5.3.25.jar:/home/louay/.m2/repository/org/springframework/spring-expression/5.3.25/spring-expression-5.3.25.jar:/home/louay/.m2/repository/com/mysql/mysql-connector-j/8.0.32/mysql-connector-j-8.0.32.jar:/home/louay/.m2/repository/org/projectlombok/lombok/1.18.24/lombok-1.18.24.jar:/home/louay/.m2/repository/org/springframework/boot/spring-boot-starter-test/2.7.8/spring-boot-starter-test-2.7.8.jar:/home/louay/.m2/repository/org/springframework/boot/spring-boot-test/2.7.8/spring-boot-test-2.7.8.jar:/home/louay/.m2/repository/org/springframework/boot/spring-boot-test-autoconfigure/2.7.8/spring-boot-test-autoconfigure-2.7.8.jar:/home/louay/.m2/repository/com/jayway/jsonpath/json-path/2.7.0/json-path-2.7.0.jar:/home/louay/.m2/repository/net/minidev/json-smart/2.4.8/json-smart-2.4.8.jar:/home/louay/.m2/repository/net/minidev/accessors-smart/2.4.8/accessors-smart-2.4.8.jar:/home/louay/.m2/repository/org/ow2/asm/asm/9.1/asm-9.1.jar:/home/louay/.m2/repository/jakarta/xml/bind/jakarta.xml.bind-api/2.3.3/jakarta.xml.bind-api-2.3.3.jar:/home/louay/.m2/repository/jakarta/activation/jakarta.activation-api/1.2.2/jakarta.activation-api-1.2.2.jar:/home/louay/.m2/repository/org/assertj/assertj-core/3.22.0/assertj-core-3.22.0.jar:/home/louay/.m2/repository/org/hamcrest/hamcrest/2.2/hamcrest-2.2.jar:/home/louay/.m2/repository/org/junit/jupiter/junit-jupiter/5.8.2/junit-jupiter-5.8.2.jar:/home/louay/.m2/repository/org/junit/jupiter/junit-jupiter-api/5.8.2/junit-jupiter-api-5.8.2.jar:/home/louay/.m2/repository/org/opentest4j/opentest4j/1.2.0/opentest4j-1.2.0.jar:/home/louay/.m2/repository/org/junit/platform/junit-platform-commons/1.8.2/junit-platform-commons-1.8.2.jar:/home/louay/.m2/repository/org/apiguardian/apiguardian-api/1.1.2/apiguardian-api-1.1.2.jar:/home/louay/.m2/repository/org/junit/jupiter/junit-jupiter-params/5.8.2/junit-jupiter-params-5.8.2.jar:/home/louay/.m2/repository/org/junit/jupiter/junit-jupiter-engine/5.8.2/junit-jupiter-engine-5.8.2.jar:/home/louay/.m2/repository/org/junit/platform/junit-platform-engine/1.8.2/junit-platform-engine-1.8.2.jar:/home/louay/.m2/repository/org/mockito/mockito-core/4.5.1/mockito-core-4.5.1.jar:/home/louay/.m2/repository/net/bytebuddy/byte-buddy-agent/1.12.22/byte-buddy-agent-1.12.22.jar:/home/louay/.m2/repository/org/objenesis/objenesis/3.2/objenesis-3.2.jar:/home/louay/.m2/repository/org/mockito/mockito-junit-jupiter/4.5.1/mockito-junit-jupiter-4.5.1.jar:/home/louay/.m2/repository/org/skyscreamer/jsonassert/1.5.1/jsonassert-1.5.1.jar:/home/louay/.m2/repository/com/vaadin/external/google/android-json/0.0.20131108.vaadin1/android-json-0.0.20131108.vaadin1.jar:/home/louay/.m2/repository/org/springframework/spring-core/5.3.25/spring-core-5.3.25.jar:/home/louay/.m2/repository/org/springframework/spring-jcl/5.3.25/spring-jcl-5.3.25.jar:/home/louay/.m2/repository/org/springframework/spring-test/5.3.25/spring-test-5.3.25.jar:/home/louay/.m2/repository/org/xmlunit/xmlunit-core/2.9.1/xmlunit-core-2.9.1.jar:/home/louay/.m2/repository/org/springdoc/springdoc-openapi-ui/1.6.9/springdoc-openapi-ui-1.6.9.jar:/home/louay/.m2/repository/org/springdoc/springdoc-openapi-webmvc-core/1.6.9/springdoc-openapi-webmvc-core-1.6.9.jar:/home/louay/.m2/repository/org/springdoc/springdoc-openapi-common/1.6.9/springdoc-openapi-common-1.6.9.jar:/home/louay/.m2/repository/io/swagger/core/v3/swagger-core/2.2.0/swagger-core-2.2.0.jar:/home/louay/.m2/repository/org/apache/commons/commons-lang3/3.12.0/commons-lang3-3.12.0.jar:/home/louay/.m2/repository/com/fasterxml/jackson/dataformat/jackson-dataformat-yaml/2.13.4/jackson-dataformat-yaml-2.13.4.jar:/home/louay/.m2/repository/io/swagger/core/v3/swagger-annotations/2.2.0/swagger-annotations-2.2.0.jar:/home/louay/.m2/repository/io/swagger/core/v3/swagger-models/2.2.0/swagger-models-2.2.0.jar:/home/louay/.m2/repository/jakarta/validation/jakarta.validation-api/2.0.2/jakarta.validation-api-2.0.2.jar:/home/louay/.m2/repository/org/webjars/swagger-ui/4.11.1/swagger-ui-4.11.1.jar:/home/louay/.m2/repository/org/webjars/webjars-locator-core/0.50/webjars-locator-core-0.50.jar:/home/louay/.m2/repository/com/fasterxml/jackson/core/jackson-core/2.13.4/jackson-core-2.13.4.jar:/home/louay/.m2/repository/io/github/classgraph/classgraph/4.8.147/classgraph-4.8.147.jar:"/>
    <property name="sun.cpu.endian" value="little"/>
    <property name="user.home" value="/home/louay"/>
    <property name="user.language" value="en"/>
    <property name="java.specification.vendor" value="Oracle Corporation"/>
    <property name="java.version.date" value="2023-08-24"/>
    <property name="java.home" value="/usr/lib/jvm/java-11-openjdk-amd64"/>
    <property name="file.separator" value="/"/>
    <property name="basedir" value="/home/louay/Desktop/Devops"/>
    <property name="java.vm.compressedOopsMode" value="32-bit"/>
    <property name="line.separator" value="&#10;"/>
    <property name="java.specification.name" value="Java Platform API Specification"/>
    <property name="java.vm.specification.vendor" value="Oracle Corporation"/>
    <property name="java.awt.graphicsenv" value="sun.awt.X11GraphicsEnvironment"/>
    <property name="surefire.real.class.path" value="/home/louay/Desktop/Devops/target/surefire/surefirebooter9844289019694180038.jar"/>
    <property name="sun.management.compiler" value="HotSpot 64-Bit Tiered Compilers"/>
    <property name="java.runtime.version" value="11.0.20.1+1-post-Ubuntu-0ubuntu122.04"/>
    <property name="user.name" value="louay"/>
    <property name="path.separator" value=":"/>
    <property name="os.version" value="6.2.0-35-generic"/>
    <property name="java.runtime.name" value="OpenJDK Runtime Environment"/>
    <property name="file.encoding" value="UTF-8"/>
    <property name="java.vm.name" value="OpenJDK 64-Bit Server VM"/>
    <property name="localRepository" value="/home/louay/.m2/repository"/>
    <property name="java.vendor.url.bug" value="https://bugs.launchpad.net/ubuntu/+source/openjdk-lts"/>
    <property name="java.io.tmpdir" value="/tmp"/>
    <property name="java.version" value="11.0.20.1"/>
    <property name="user.dir" value="/home/louay/Desktop/Devops"/>
    <property name="os.arch" value="amd64"/>
    <property name="java.vm.specification.name" value="Java Virtual Machine Specification"/>
    <property name="java.awt.printerjob" value="sun.print.PSPrinterJob"/>
    <property name="sun.os.patch.level" value="unknown"/>
    <property name="java.library.path" value="/usr/java/packages/lib:/usr/lib/x86_64-linux-gnu/jni:/lib/x86_64-linux-gnu:/usr/lib/x86_64-linux-gnu:/usr/lib/jni:/lib:/usr/lib"/>
    <property name="java.vm.info" value="mixed mode, sharing"/>
    <property name="java.vendor" value="Ubuntu"/>
    <property name="java.vm.version" value="11.0.20.1+1-post-Ubuntu-0ubuntu122.04"/>
    <property name="java.specification.maintenance.version" value="2"/>
    <property name="sun.io.unicode.encoding" value="UnicodeLittle"/>
    <property name="java.class.version" value="55.0"/>
  </properties>
  <testcase name="testRetrieveAllCourses" classname="tn.esprit.SkiStationProject.services.CoursesServicesImplTest" time="0.003">
    <failure message="expected: &lt;2&gt; but was: &lt;3&gt;" type="org.opentest4j.AssertionFailedError"><![CDATA[org.opentest4j.AssertionFailedError: expected: <2> but was: <3>
	at tn.esprit.SkiStationProject.services.CoursesServicesImplTest.testRetrieveAllCourses(CoursesServicesImplTest.java:30)
]]></failure>
    <system-out><![CDATA[2023-10-25 13:27:20.809  INFO 174013 --- [           main] .b.t.c.SpringBootTestContextBootstrapper : Neither @ContextConfiguration nor @ContextHierarchy found for test class [tn.esprit.SkiStationProject.services.CoursesServicesImplTest], using SpringBootContextLoader
2023-10-25 13:27:20.810  INFO 174013 --- [           main] o.s.t.c.support.AbstractContextLoader    : Could not detect default resource locations for test class [tn.esprit.SkiStationProject.services.CoursesServicesImplTest]: no resource found for suffixes {-context.xml, Context.groovy}.
2023-10-25 13:27:20.810  INFO 174013 --- [           main] t.c.s.AnnotationConfigContextLoaderUtils : Could not detect default configuration classes for test class [tn.esprit.SkiStationProject.services.CoursesServicesImplTest]: CoursesServicesImplTest does not declare any static, non-private, non-final, nested classes annotated with @Configuration.
2023-10-25 13:27:20.818  INFO 174013 --- [           main] .b.t.c.SpringBootTestContextBootstrapper : Found @SpringBootConfiguration tn.esprit.SkiStationProject.SkiStationProjectApplication for test class tn.esprit.SkiStationProject.services.CoursesServicesImplTest
2023-10-25 13:27:20.819  INFO 174013 --- [           main] .b.t.c.SpringBootTestContextBootstrapper : Loaded default TestExecutionListener class names from location [META-INF/spring.factories]: [org.springframework.boot.test.mock.mockito.MockitoTestExecutionListener, org.springframework.boot.test.mock.mockito.ResetMocksTestExecutionListener, org.springframework.boot.test.autoconfigure.restdocs.RestDocsTestExecutionListener, org.springframework.boot.test.autoconfigure.web.client.MockRestServiceServerResetTestExecutionListener, org.springframework.boot.test.autoconfigure.web.servlet.MockMvcPrintOnlyOnFailureTestExecutionListener, org.springframework.boot.test.autoconfigure.web.servlet.WebDriverTestExecutionListener, org.springframework.boot.test.autoconfigure.webservices.client.MockWebServiceServerTestExecutionListener, org.springframework.test.context.web.ServletTestExecutionListener, org.springframework.test.context.support.DirtiesContextBeforeModesTestExecutionListener, org.springframework.test.context.event.ApplicationEventsTestExecutionListener, org.springframework.test.context.support.DependencyInjectionTestExecutionListener, org.springframework.test.context.support.DirtiesContextTestExecutionListener, org.springframework.test.context.transaction.TransactionalTestExecutionListener, org.springframework.test.context.jdbc.SqlScriptsTestExecutionListener, org.springframework.test.context.event.EventPublishingTestExecutionListener]
2023-10-25 13:27:20.821  INFO 174013 --- [           main] .b.t.c.SpringBootTestContextBootstrapper : Using TestExecutionListeners: [org.springframework.test.context.web.ServletTestExecutionListener@18876fa9, org.springframework.test.context.support.DirtiesContextBeforeModesTestExecutionListener@5a110e7d, org.springframework.test.context.event.ApplicationEventsTestExecutionListener@b3cbc0e, org.springframework.boot.test.mock.mockito.MockitoTestExecutionListener@66e27ac9, org.springframework.boot.test.autoconfigure.SpringBootDependencyInjectionTestExecutionListener@453bbb9b, org.springframework.test.context.support.DirtiesContextTestExecutionListener@170b27a7, org.springframework.test.context.transaction.TransactionalTestExecutionListener@79392584, org.springframework.test.context.jdbc.SqlScriptsTestExecutionListener@cf82c58, org.springframework.test.context.event.EventPublishingTestExecutionListener@1407b93f, org.springframework.boot.test.mock.mockito.ResetMocksTestExecutionListener@5aff8207, org.springframework.boot.test.autoconfigure.restdocs.RestDocsTestExecutionListener@6a5a99d9, org.springframework.boot.test.autoconfigure.web.client.MockRestServiceServerResetTestExecutionListener@278df226, org.springframework.boot.test.autoconfigure.web.servlet.MockMvcPrintOnlyOnFailureTestExecutionListener@eea69a9, org.springframework.boot.test.autoconfigure.web.servlet.WebDriverTestExecutionListener@28a33dc9, org.springframework.boot.test.autoconfigure.webservices.client.MockWebServiceServerTestExecutionListener@1609ed55]
2023-10-25 13:27:20.832  INFO 174013 --- [           main] t.e.S.aspects.LoggingAspects             : In method :retrieveAllCourses
Hibernate: select course0_.id as id1_0_, course0_.level as level2_0_, course0_.price as price3_0_, course0_.support as support4_0_, course0_.time_slot as time_slo5_0_, course0_.type_course as type_cou6_0_ from course course0_
2023-10-25 13:27:20.885  INFO 174013 --- [           main] t.e.S.aspects.LoggingAspects             : Out of method :retrieveAllCourses
]]></system-out>
  </testcase>
  <testcase name="testAddCourse" classname="tn.esprit.SkiStationProject.services.CoursesServicesImplTest" time="0.002"/>
  <testcase name="testUpdateCourse" classname="tn.esprit.SkiStationProject.services.CoursesServicesImplTest" time="3.98">
    <failure message="expected: &lt;tn.esprit.SkiStationProject.entities.Course@34d6e9a4&gt; but was: &lt;tn.esprit.SkiStationProject.entities.Course@9423344&gt;" type="org.opentest4j.AssertionFailedError"><![CDATA[org.opentest4j.AssertionFailedError: expected: <tn.esprit.SkiStationProject.entities.Course@34d6e9a4> but was: <tn.esprit.SkiStationProject.entities.Course@9423344>
	at tn.esprit.SkiStationProject.services.CoursesServicesImplTest.testUpdateCourse(CoursesServicesImplTest.java:55)
]]></failure>
    <system-out><![CDATA[2023-10-25 13:27:22.096  INFO 174013 --- [           main] t.e.S.aspects.LoggingAspects             : In method :retrieveCourse
Hibernate: select course0_.id as id1_0_0_, course0_.level as level2_0_0_, course0_.price as price3_0_0_, course0_.support as support4_0_0_, course0_.time_slot as time_slo5_0_0_, course0_.type_course as type_cou6_0_0_ from course course0_ where course0_.id=?
2023-10-25 13:27:22.107  INFO 174013 --- [           main] t.e.S.aspects.LoggingAspects             : Out of method :retrieveCourse
2023-10-25 13:27:22.108  INFO 174013 --- [           main] t.e.S.aspects.LoggingAspects             : In method :updateCourse
Hibernate: select course0_.id as id1_0_0_, course0_.level as level2_0_0_, course0_.price as price3_0_0_, course0_.support as support4_0_0_, course0_.time_slot as time_slo5_0_0_, course0_.type_course as type_cou6_0_0_ from course course0_ where course0_.id=?
2023-10-25 13:27:22.122  INFO 174013 --- [           main] t.e.S.aspects.LoggingAspects             : Out of method :updateCourse
]]></system-out>
  </testcase>
  <testcase name="testRetrieveCourse" classname="tn.esprit.SkiStationProject.services.CoursesServicesImplTest" time="0.006"/>
</testsuite>